<?xml version="1.0" encoding="UTF-8"?>
<testsuite name="com.telRan.model.tests.TeamCreationTest" tests="1" skipped="0" failures="0" errors="0" timestamp="2019-07-24T19:44:47" hostname="DESKTOP-HS9A9T3" time="10.475">
  <properties/>
  <testcase name="createTeam" classname="com.telRan.model.tests.TeamCreationTest" time="10.475"/>
  <system-out><![CDATA[]]></system-out>
  <system-err><![CDATA[]]></system-err>
</testsuite>
