<?xml version="1.0" encoding="UTF-8"?>
<testsuite name="com.telRan.model.tests.BoardCreationTest" tests="1" skipped="0" failures="0" errors="0" timestamp="2019-07-21T21:27:44" hostname="DESKTOP-HS9A9T3" time="19.704">
  <properties/>
  <testcase name="testCreation" classname="com.telRan.model.tests.BoardCreationTest" time="19.704"/>
  <system-out><![CDATA[]]></system-out>
  <system-err><![CDATA[]]></system-err>
</testsuite>
