<?xml version="1.0" encoding="UTF-8"?>
<testsuite name="com.telRan.model.tests.TeamCreationTest" tests="5" skipped="0" failures="0" errors="0" timestamp="2019-07-29T11:09:24" hostname="DESKTOP-HS9A9T3" time="66.801">
  <properties/>
  <testcase name="createTeamDataProvider[0](Team{teamName='1', teamDescription='1'})" classname="com.telRan.model.tests.TeamCreationTest" time="13.933"/>
  <testcase name="createTeamDataProvider[1](Team{teamName='Very long name of the team 123', teamDescription='Very long name of the description 124'})" classname="com.telRan.model.tests.TeamCreationTest" time="13.211"/>
  <testcase name="createTeamDataProvider[2](Team{teamName='Team', teamDescription='Description'})" classname="com.telRan.model.tests.TeamCreationTest" time="12.628"/>
  <testcase name="createTeamDataProvider[3](Team{teamName='@#$%^&amp;*', teamDescription='@#$%^&amp;*'})" classname="com.telRan.model.tests.TeamCreationTest" time="13.006"/>
  <testcase name="createTeamDataProvider[4](Team{teamName='׳§׳‘׳•׳¦׳”', teamDescription='׳×׳™׳�׳•׳¨'})" classname="com.telRan.model.tests.TeamCreationTest" time="14.02"/>
  <system-out><![CDATA[]]></system-out>
  <system-err><![CDATA[]]></system-err>
</testsuite>
