<?xml version="1.0" encoding="UTF-8"?>
<testsuite name="com.telRan.model.tests.BoardCreationTest" tests="1" skipped="0" failures="0" errors="0" timestamp="2019-07-28T19:05:43" hostname="DESKTOP-HS9A9T3" time="24.547">
  <properties/>
  <testcase name="testCreation" classname="com.telRan.model.tests.BoardCreationTest" time="24.547"/>
  <system-out><![CDATA[]]></system-out>
  <system-err><![CDATA[]]></system-err>
</testsuite>
