<?xml version="1.0" encoding="UTF-8"?>
<testsuite name="com.telRan.model.tests.LoginTrelloTest" tests="1" skipped="0" failures="0" errors="0" timestamp="2019-07-20T15:06:05" hostname="DESKTOP-HS9A9T3" time="14.014">
  <properties/>
  <testcase name="loginTest" classname="com.telRan.model.tests.LoginTrelloTest" time="14.014"/>
  <system-out><![CDATA[]]></system-out>
  <system-err><![CDATA[]]></system-err>
</testsuite>
