<?xml version="1.0" encoding="UTF-8"?>
<testsuite name="com.telRan.model.tests.BoardDeletionTest" tests="1" skipped="0" failures="0" errors="0" timestamp="2019-07-22T19:36:44" hostname="DESKTOP-HS9A9T3" time="14.847">
  <properties/>
  <testcase name="deletePrivateBoard" classname="com.telRan.model.tests.BoardDeletionTest" time="14.847"/>
  <system-out><![CDATA[qa201563525683968
]]></system-out>
  <system-err><![CDATA[]]></system-err>
</testsuite>
