<?xml version="1.0" encoding="UTF-8"?>
<testsuite name="com.telRan.model.tests.BoardCreationTest" tests="1" skipped="0" failures="0" errors="0" timestamp="2019-07-22T19:36:13" hostname="DESKTOP-HS9A9T3" time="21.075">
  <properties/>
  <testcase name="testCreation" classname="com.telRan.model.tests.BoardCreationTest" time="21.075"/>
  <system-out><![CDATA[]]></system-out>
  <system-err><![CDATA[1563824174415	Marionette	WARN	TimedPromise timed out after 500 ms: stacktrace:
bail@chrome://marionette/content/sync.js:237:64
]]></system-err>
</testsuite>
