<?xml version="1.0" encoding="UTF-8"?>
<testsuite name="tests.TeamCreationTest" tests="1" skipped="0" failures="0" errors="0" timestamp="2019-07-21T21:29:50" hostname="DESKTOP-HS9A9T3" time="9.946">
  <properties/>
  <testcase name="createTeam" classname="tests.TeamCreationTest" time="9.946"/>
  <system-out><![CDATA[]]></system-out>
  <system-err><![CDATA[1563744600277	Marionette	WARN	TimedPromise timed out after 500 ms: stacktrace:
bail@chrome://marionette/content/sync.js:237:64
]]></system-err>
</testsuite>
