<?xml version="1.0" encoding="UTF-8"?>
<testsuite name="com.telRan.model.tests.LoginTrelloTest" tests="1" skipped="0" failures="0" errors="0" timestamp="2019-07-21T21:28:52" hostname="DESKTOP-HS9A9T3" time="17.258">
  <properties/>
  <testcase name="loginTest" classname="com.telRan.model.tests.LoginTrelloTest" time="17.258"/>
  <system-out><![CDATA[]]></system-out>
  <system-err><![CDATA[1563744532953	Marionette	WARN	TimedPromise timed out after 500 ms: stacktrace:
bail@chrome://marionette/content/sync.js:237:64
]]></system-err>
</testsuite>
